C:\DUMP\SIMPLEX\DEBUG\SIMPLEX.EXE
C:\DUMP\SIMPLEX\DEBUG\SIMPLEX.ILK
C:\DUMP\SIMPLEX\DEBUG\SIMPLEX.PDB
C:\dump\Simplex\Simplex\Debug\cl.command.1.tlog
C:\dump\Simplex\Simplex\Debug\CL.read.1.tlog
C:\dump\Simplex\Simplex\Debug\CL.write.1.tlog
C:\DUMP\SIMPLEX\SIMPLEX\DEBUG\COLUMNSET.OBJ
C:\DUMP\SIMPLEX\SIMPLEX\DEBUG\CONSTRAINT.OBJ
C:\dump\Simplex\Simplex\Debug\link.command.1.tlog
C:\dump\Simplex\Simplex\Debug\link.read.1.tlog
C:\dump\Simplex\Simplex\Debug\link.write.1.tlog
C:\DUMP\SIMPLEX\SIMPLEX\DEBUG\MAIN.OBJ
C:\DUMP\SIMPLEX\SIMPLEX\DEBUG\MATRIX.OBJ
C:\dump\Simplex\Simplex\Debug\mt.command.1.tlog
C:\dump\Simplex\Simplex\Debug\mt.read.1.tlog
C:\dump\Simplex\Simplex\Debug\mt.write.1.tlog
C:\DUMP\SIMPLEX\SIMPLEX\DEBUG\OBJECTIVEFUNCTION.OBJ
C:\DUMP\SIMPLEX\SIMPLEX\DEBUG\SIMPLEX.EXE.INTERMEDIATE.MANIFEST
C:\DUMP\SIMPLEX\SIMPLEX\DEBUG\SIMPLEX.OBJ
C:\DUMP\SIMPLEX\SIMPLEX\DEBUG\VARIABLE.OBJ
C:\dump\Simplex\Simplex\Debug\vc100.idb
C:\DUMP\SIMPLEX\SIMPLEX\DEBUG\VC100.PDB
